<?xml version="1.0" encoding="UTF-8"?>
<!-- Generated by org.testng.reporters.JUnitReportReporter -->
<testsuite hostname="DESKTOP-QGMF0R9" failures="0" tests="1" name="testscript.ManageNewsTest" time="10.083" errors="0" timestamp="2025-08-29T15:19:14 IST" skipped="0">
  <testcase classname="testscript.ManageNewsTest" name="verifyReset" time="10.083"/>
</testsuite> <!-- testscript.ManageNewsTest -->
