<?xml version="1.0" encoding="UTF-8"?>
<!-- Generated by org.testng.reporters.JUnitReportReporter -->
<testsuite hostname="DESKTOP-QGMF0R9" failures="0" tests="4" name="testscript.LoginTest" time="16.750" errors="0" timestamp="2025-09-10T10:26:25 IST" skipped="0">
  <testcase classname="testscript.LoginTest" name="verifyLoginWithValidCredentials" time="4.802"/>
  <testcase classname="testscript.LoginTest" name="verifyLoginWithInvalidUsername" time="4.102"/>
  <testcase classname="testscript.LoginTest" name="verifyLoginWithInvalidPassword" time="3.582"/>
  <testcase classname="testscript.LoginTest" name="verifyLoginWithInvalidUsernameInvalidPassword" time="4.264"/>
</testsuite> <!-- testscript.LoginTest -->
