<?xml version="1.0" encoding="UTF-8"?>
<!-- Generated by org.testng.reporters.JUnitReportReporter -->
<testsuite hostname="DESKTOP-QGMF0R9" failures="0" tests="4" name="testscript.LoginTest" time="17.204" errors="0" timestamp="2025-09-09T10:08:51 IST" skipped="0">
  <testcase classname="testscript.LoginTest" name="verifyLoginWithValidCredentials" time="4.903"/>
  <testcase classname="testscript.LoginTest" name="verifyLoginWithInvalidUsername" time="4.732"/>
  <testcase classname="testscript.LoginTest" name="verifyLoginWithInvalidPassword" time="3.778"/>
  <testcase classname="testscript.LoginTest" name="verifyLoginWithInvalidUsernameInvalidPassword" time="3.791"/>
</testsuite> <!-- testscript.LoginTest -->
