<?xml version="1.0" encoding="UTF-8"?>
<!-- Generated by org.testng.reporters.JUnitReportReporter -->
<testsuite hostname="DESKTOP-QGMF0R9" failures="0" tests="1" name="testscript.AdminTest" time="6.803" errors="0" timestamp="2025-09-02T15:19:36 IST" skipped="0">
  <testcase classname="testscript.AdminTest" name="verifyAddUser" time="6.803"/>
</testsuite> <!-- testscript.AdminTest -->
