<?xml version="1.0" encoding="UTF-8"?>
<!-- Generated by org.testng.reporters.JUnitReportReporter -->
<testsuite hostname="DESKTOP-QGMF0R9" failures="0" tests="6" name="testscript.LoginTest" time="43.922" errors="0" timestamp="2025-09-15T14:12:47 IST" skipped="0">
  <testcase classname="testscript.LoginTest" name="verifyLoginWithInvalidUsernameInvalidPassword" time="3.411"/>
  <testcase classname="testscript.LoginTest" name="verifyLoginWithInvalidUsernameInvalidPassword" time="10.486"/>
  <testcase classname="testscript.LoginTest" name="verifyLoginWithInvalidUsernameInvalidPassword" time="3.227"/>
  <testcase classname="testscript.LoginTest" name="verifyLoginWithInvalidUsernameInvalidPassword" time="8.661"/>
  <testcase classname="testscript.LoginTest" name="verifyLoginWithInvalidUsernameInvalidPassword" time="10.081"/>
  <testcase classname="testscript.LoginTest" name="verifyLoginWithInvalidUsernameInvalidPassword" time="8.056"/>
</testsuite> <!-- testscript.LoginTest -->
