<?xml version="1.0" encoding="UTF-8"?>
<!-- Generated by org.testng.reporters.JUnitReportReporter -->
<testsuite hostname="DESKTOP-QGMF0R9" failures="0" tests="1" name="testscript.AdminTest" time="8.135" errors="0" timestamp="2025-09-09T10:08:51 IST" skipped="0">
  <testcase classname="testscript.AdminTest" name="verifyAddUser" time="8.135"/>
</testsuite> <!-- testscript.AdminTest -->
