<?xml version="1.0" encoding="UTF-8"?>
<!-- Generated by org.testng.reporters.JUnitReportReporter -->
<testsuite hostname="DESKTOP-QGMF0R9" failures="0" tests="1" name="testscript.HomeTest" time="8.671" errors="0" timestamp="2025-09-11T10:17:53 IST" skipped="0">
  <testcase classname="testscript.HomeTest" name="verifyLogout" time="8.671"/>
</testsuite> <!-- testscript.HomeTest -->
