<?xml version="1.0" encoding="UTF-8"?>
<!-- Generated by org.testng.reporters.JUnitReportReporter -->
<testsuite hostname="DESKTOP-QGMF0R9" failures="0" tests="3" name="testscript.LoginTest" time="13.013" errors="0" timestamp="2025-09-18T08:56:48 IST" skipped="0">
  <testcase classname="testscript.LoginTest" name="verifyLoginWithInvalidUsernameInvalidPassword" time="6.775"/>
  <testcase classname="testscript.LoginTest" name="verifyLoginWithInvalidUsernameInvalidPassword" time="3.170"/>
  <testcase classname="testscript.LoginTest" name="verifyLoginWithInvalidUsernameInvalidPassword" time="3.068"/>
</testsuite> <!-- testscript.LoginTest -->
