<?xml version="1.0" encoding="UTF-8"?>
<!-- Generated by org.testng.reporters.JUnitReportReporter -->
<testsuite hostname="DESKTOP-QGMF0R9" failures="0" tests="4" name="testscript.ManageNewsTest" time="23.632" errors="0" timestamp="2025-09-11T10:17:53 IST" skipped="0">
  <testcase classname="testscript.ManageNewsTest" name="verifyReset" time="5.656"/>
  <testcase classname="testscript.ManageNewsTest" name="verifyReturnToHome" time="5.554"/>
  <testcase classname="testscript.ManageNewsTest" name="verifyAddNews" time="6.755"/>
  <testcase classname="testscript.ManageNewsTest" name="verifySearchNews" time="5.667"/>
</testsuite> <!-- testscript.ManageNewsTest -->
