<?xml version="1.0" encoding="UTF-8"?>
<!-- Generated by org.testng.reporters.JUnitReportReporter -->
<testsuite hostname="DESKTOP-QGMF0R9" failures="0" tests="1" name="testscript.HomeTest" time="10.255" errors="0" timestamp="2025-09-10T10:26:25 IST" skipped="0">
  <testcase classname="testscript.HomeTest" name="verifyLogout" time="10.255"/>
</testsuite> <!-- testscript.HomeTest -->
