<?xml version="1.0" encoding="UTF-8"?>
<!-- Generated by org.testng.reporters.JUnitReportReporter -->
<testsuite hostname="DESKTOP-QGMF0R9" failures="0" tests="4" name="testscript.ManageNewsTest" time="21.866" errors="0" timestamp="2025-09-09T10:08:51 IST" skipped="0">
  <testcase classname="testscript.ManageNewsTest" name="verifyReturnToHome" time="5.226"/>
  <testcase classname="testscript.ManageNewsTest" name="verifySearchNews" time="5.782"/>
  <testcase classname="testscript.ManageNewsTest" name="verifyReset" time="5.123"/>
  <testcase classname="testscript.ManageNewsTest" name="verifyAddNews" time="5.735"/>
</testsuite> <!-- testscript.ManageNewsTest -->
