<?xml version="1.0" encoding="UTF-8"?>
<!-- Generated by org.testng.reporters.JUnitReportReporter -->
<testsuite hostname="DESKTOP-QGMF0R9" failures="0" tests="4" name="testscript.LoginTest" time="28.164" errors="0" timestamp="2025-09-02T11:55:29 IST" skipped="0">
  <testcase classname="testscript.LoginTest" name="verifyLoginWithValidCredentials" time="9.378"/>
  <testcase classname="testscript.LoginTest" name="verifyLoginWithInvalidUsername" time="5.939"/>
  <testcase classname="testscript.LoginTest" name="verifyLoginWithInvalidPassword" time="6.224"/>
  <testcase classname="testscript.LoginTest" name="verifyLoginWithInvalidUsernameInvalidPassword" time="6.623"/>
</testsuite> <!-- testscript.LoginTest -->
